<?xml version="1.0" encoding="UTF-8"?>
<testsuite name="example.controller.ExampleControllerTest" tests="2" skipped="0" failures="0" errors="0" timestamp="2019-10-23T03:30:42" hostname="fazim-lt1" time="0.436">
  <properties/>
  <testcase name="shouldTellIfPersonIsUnknown" classname="example.controller.ExampleControllerTest" time="0.435"/>
  <testcase name="shouldReturnFullNameOfAPerson" classname="example.controller.ExampleControllerTest" time="0.001"/>
  <system-out><![CDATA[]]></system-out>
  <system-err><![CDATA[]]></system-err>
</testsuite>
